Determining if the pthread_create exist failed with the following output:
Change Dir: /home/alex/TP-MAIL/CPP1/BOT/JobBot/cmake-build-debug/CMakeFiles/CMakeTmp

Run Build Command:"/usr/bin/make" "cmTC_5c4ec/fast"
/usr/bin/make -f CMakeFiles/cmTC_5c4ec.dir/build.make CMakeFiles/cmTC_5c4ec.dir/build
make[1]: вход в каталог «/home/alex/TP-MAIL/CPP1/BOT/JobBot/cmake-build-debug/CMakeFiles/CMakeTmp»
Building C object CMakeFiles/cmTC_5c4ec.dir/CheckSymbolExists.c.o
/usr/bin/cc    -o CMakeFiles/cmTC_5c4ec.dir/CheckSymbolExists.c.o   -c /home/alex/TP-MAIL/CPP1/BOT/JobBot/cmake-build-debug/CMakeFiles/CMakeTmp/CheckSymbolExists.c
Linking C executable cmTC_5c4ec
/home/alex/clion-2017.3.4/bin/cmake/bin/cmake -E cmake_link_script CMakeFiles/cmTC_5c4ec.dir/link.txt --verbose=1
/usr/bin/cc      CMakeFiles/cmTC_5c4ec.dir/CheckSymbolExists.c.o  -o cmTC_5c4ec 
CMakeFiles/cmTC_5c4ec.dir/CheckSymbolExists.c.o: In function `main':
CheckSymbolExists.c:(.text+0x16): undefined reference to `pthread_create'
collect2: error: ld returned 1 exit status
CMakeFiles/cmTC_5c4ec.dir/build.make:97: ошибка выполнения рецепта для цели «cmTC_5c4ec»
make[1]: *** [cmTC_5c4ec] Ошибка 1
make[1]: выход из каталога «/home/alex/TP-MAIL/CPP1/BOT/JobBot/cmake-build-debug/CMakeFiles/CMakeTmp»
Makefile:126: ошибка выполнения рецепта для цели «cmTC_5c4ec/fast»
make: *** [cmTC_5c4ec/fast] Ошибка 2

File /home/alex/TP-MAIL/CPP1/BOT/JobBot/cmake-build-debug/CMakeFiles/CMakeTmp/CheckSymbolExists.c:
/* */
#include <pthread.h>

int main(int argc, char** argv)
{
  (void)argv;
#ifndef pthread_create
  return ((int*)(&pthread_create))[argc];
#else
  (void)argc;
  return 0;
#endif
}

Determining if the function pthread_create exists in the pthreads failed with the following output:
Change Dir: /home/alex/TP-MAIL/CPP1/BOT/JobBot/cmake-build-debug/CMakeFiles/CMakeTmp

Run Build Command:"/usr/bin/make" "cmTC_54574/fast"
/usr/bin/make -f CMakeFiles/cmTC_54574.dir/build.make CMakeFiles/cmTC_54574.dir/build
make[1]: вход в каталог «/home/alex/TP-MAIL/CPP1/BOT/JobBot/cmake-build-debug/CMakeFiles/CMakeTmp»
Building C object CMakeFiles/cmTC_54574.dir/CheckFunctionExists.c.o
/usr/bin/cc   -DCHECK_FUNCTION_EXISTS=pthread_create   -o CMakeFiles/cmTC_54574.dir/CheckFunctionExists.c.o   -c /home/alex/clion-2017.3.4/bin/cmake/share/cmake-3.9/Modules/CheckFunctionExists.c
Linking C executable cmTC_54574
/home/alex/clion-2017.3.4/bin/cmake/bin/cmake -E cmake_link_script CMakeFiles/cmTC_54574.dir/link.txt --verbose=1
/usr/bin/cc  -DCHECK_FUNCTION_EXISTS=pthread_create    CMakeFiles/cmTC_54574.dir/CheckFunctionExists.c.o  -o cmTC_54574 -lpthreads 
/usr/bin/ld: cannot find -lpthreads
collect2: error: ld returned 1 exit status
CMakeFiles/cmTC_54574.dir/build.make:97: ошибка выполнения рецепта для цели «cmTC_54574»
make[1]: *** [cmTC_54574] Ошибка 1
make[1]: выход из каталога «/home/alex/TP-MAIL/CPP1/BOT/JobBot/cmake-build-debug/CMakeFiles/CMakeTmp»
Makefile:126: ошибка выполнения рецепта для цели «cmTC_54574/fast»
make: *** [cmTC_54574/fast] Ошибка 2


